<?xml version="1.0" encoding="UTF-8"?>
<!-- Generated by org.testng.reporters.JUnitReportReporter -->
<testsuite hostname="LAPTOP-JNLMJU4B" failures="0" tests="4" name="Demo.OnlineShopping.User" time="57.075" errors="0" timestamp="2023-03-09T13:31:02 BDT" skipped="0">
  <testcase classname="Demo.OnlineShopping.User" name="launchApplication" time="38.250"/>
  <system-out/>
  <testcase classname="Demo.OnlineShopping.User" name="verifyElements" time="1.340"/>
  <system-out/>
  <testcase classname="Demo.OnlineShopping.User" name="customerRegistrarion" time="6.751"/>
  <system-out/>
  <testcase classname="Demo.OnlineShopping.User" name="validLoginCredentials" time="10.734"/>
  <system-out/>
</testsuite> <!-- Demo.OnlineShopping.User -->
