<?xml version="1.0" encoding="UTF-8"?>
<!-- Generated by org.testng.reporters.JUnitReportReporter -->
<testsuite hostname="LAPTOP-JNLMJU4B" failures="0" tests="1" name="Demo.OnlineShopping.NegativeTesting" time="14.424" errors="0" timestamp="2023-03-09T13:53:10 BDT" skipped="0">
  <testcase classname="Demo.OnlineShopping.NegativeTesting" name="invalidLoginCredentials" time="14.424"/>
  <system-out/>
</testsuite> <!-- Demo.OnlineShopping.NegativeTesting -->
